三月 29, 2018 10:04:08 下午 org.apache.catalina.startup.VersionLoggerListener log
信息: Server version:        Apache Tomcat/7.0.81
三月 29, 2018 10:04:08 下午 org.apache.catalina.startup.VersionLoggerListener log
信息: Server built:          Aug 11 2017 10:21:27 UTC
三月 29, 2018 10:04:08 下午 org.apache.catalina.startup.VersionLoggerListener log
信息: Server number:         7.0.81.0
三月 29, 2018 10:04:08 下午 org.apache.catalina.startup.VersionLoggerListener log
信息: OS Name:               Windows 10
三月 29, 2018 10:04:08 下午 org.apache.catalina.startup.VersionLoggerListener log
信息: OS Version:            10.0
三月 29, 2018 10:04:08 下午 org.apache.catalina.startup.VersionLoggerListener log
信息: Architecture:          amd64
三月 29, 2018 10:04:08 下午 org.apache.catalina.startup.VersionLoggerListener log
信息: Java Home:             C:\Program Files\Java8\jdk\jre
三月 29, 2018 10:04:08 下午 org.apache.catalina.startup.VersionLoggerListener log
信息: JVM Version:           1.8.0_101-b13
三月 29, 2018 10:04:08 下午 org.apache.catalina.startup.VersionLoggerListener log
信息: JVM Vendor:            Oracle Corporation
三月 29, 2018 10:04:08 下午 org.apache.catalina.startup.VersionLoggerListener log
信息: CATALINA_BASE:         G:\idea_config\system\tomcat\Unnamed_mmall
三月 29, 2018 10:04:08 下午 org.apache.catalina.startup.VersionLoggerListener log
信息: CATALINA_HOME:         E:\apache-tomcat-7.0.81
三月 29, 2018 10:04:08 下午 org.apache.catalina.startup.VersionLoggerListener log
信息: Command line argument: -Djava.util.logging.config.file=G:\idea_config\system\tomcat\Unnamed_mmall\conf\logging.properties
三月 29, 2018 10:04:08 下午 org.apache.catalina.startup.VersionLoggerListener log
信息: Command line argument: -Djava.util.logging.manager=org.apache.juli.ClassLoaderLogManager
三月 29, 2018 10:04:08 下午 org.apache.catalina.startup.VersionLoggerListener log
信息: Command line argument: -Dcom.sun.management.jmxremote=
三月 29, 2018 10:04:08 下午 org.apache.catalina.startup.VersionLoggerListener log
信息: Command line argument: -Dcom.sun.management.jmxremote.port=1099
三月 29, 2018 10:04:08 下午 org.apache.catalina.startup.VersionLoggerListener log
信息: Command line argument: -Dcom.sun.management.jmxremote.ssl=false
三月 29, 2018 10:04:08 下午 org.apache.catalina.startup.VersionLoggerListener log
信息: Command line argument: -Dcom.sun.management.jmxremote.authenticate=false
三月 29, 2018 10:04:08 下午 org.apache.catalina.startup.VersionLoggerListener log
信息: Command line argument: -Djava.rmi.server.hostname=127.0.0.1
三月 29, 2018 10:04:08 下午 org.apache.catalina.startup.VersionLoggerListener log
信息: Command line argument: -Djdk.tls.ephemeralDHKeySize=2048
三月 29, 2018 10:04:08 下午 org.apache.catalina.startup.VersionLoggerListener log
信息: Command line argument: -Djava.endorsed.dirs=E:\apache-tomcat-7.0.81\endorsed
三月 29, 2018 10:04:08 下午 org.apache.catalina.startup.VersionLoggerListener log
信息: Command line argument: -Dcatalina.base=G:\idea_config\system\tomcat\Unnamed_mmall
三月 29, 2018 10:04:08 下午 org.apache.catalina.startup.VersionLoggerListener log
信息: Command line argument: -Dcatalina.home=E:\apache-tomcat-7.0.81
三月 29, 2018 10:04:08 下午 org.apache.catalina.startup.VersionLoggerListener log
信息: Command line argument: -Djava.io.tmpdir=E:\apache-tomcat-7.0.81\temp
三月 29, 2018 10:04:08 下午 org.apache.catalina.core.AprLifecycleListener lifecycleEvent
信息: Loaded APR based Apache Tomcat Native library 1.2.12 using APR version 1.5.2.
三月 29, 2018 10:04:08 下午 org.apache.catalina.core.AprLifecycleListener lifecycleEvent
信息: APR capabilities: IPv6 [true], sendfile [true], accept filters [false], random [true].
三月 29, 2018 10:04:09 下午 org.apache.catalina.core.AprLifecycleListener initializeSSL
信息: OpenSSL successfully initialized (OpenSSL 1.0.2k  26 Jan 2017)
三月 29, 2018 10:04:10 下午 org.apache.coyote.AbstractProtocol init
信息: Initializing ProtocolHandler ["http-apr-8088"]
三月 29, 2018 10:04:10 下午 org.apache.coyote.AbstractProtocol init
信息: Initializing ProtocolHandler ["ajp-apr-8009"]
三月 29, 2018 10:04:10 下午 org.apache.catalina.startup.Catalina load
信息: Initialization processed in 2406 ms
三月 29, 2018 10:04:10 下午 org.apache.catalina.core.StandardService startInternal
信息: Starting service Catalina
三月 29, 2018 10:04:10 下午 org.apache.catalina.core.StandardEngine startInternal
信息: Starting Servlet Engine: Apache Tomcat/7.0.81
三月 29, 2018 10:04:10 下午 org.apache.coyote.AbstractProtocol start
信息: Starting ProtocolHandler ["http-apr-8088"]
三月 29, 2018 10:04:10 下午 org.apache.coyote.AbstractProtocol start
信息: Starting ProtocolHandler ["ajp-apr-8009"]
三月 29, 2018 10:04:10 下午 org.apache.catalina.startup.Catalina start
信息: Server startup in 63 ms
三月 29, 2018 10:04:20 下午 org.apache.catalina.startup.HostConfig deployDirectory
信息: Deploying web application directory E:\apache-tomcat-7.0.81\webapps\manager
三月 29, 2018 10:04:21 下午 org.apache.catalina.startup.HostConfig deployDirectory
信息: Deployment of web application directory E:\apache-tomcat-7.0.81\webapps\manager has finished in 175 ms
三月 29, 2018 10:17:33 下午 org.apache.catalina.core.StandardServer await
信息: A valid shutdown command was received via the shutdown port. Stopping the Server instance.
三月 29, 2018 10:17:33 下午 org.apache.coyote.AbstractProtocol pause
信息: Pausing ProtocolHandler ["http-apr-8088"]
三月 29, 2018 10:17:33 下午 org.apache.coyote.AbstractProtocol pause
信息: Pausing ProtocolHandler ["ajp-apr-8009"]
三月 29, 2018 10:17:33 下午 org.apache.catalina.core.StandardService stopInternal
信息: Stopping service Catalina
三月 29, 2018 10:17:34 下午 org.apache.coyote.AbstractProtocol stop
信息: Stopping ProtocolHandler ["http-apr-8088"]
三月 29, 2018 10:17:34 下午 org.apache.coyote.AbstractProtocol stop
信息: Stopping ProtocolHandler ["ajp-apr-8009"]
三月 29, 2018 10:17:34 下午 org.apache.coyote.AbstractProtocol destroy
信息: Destroying ProtocolHandler ["http-apr-8088"]
三月 29, 2018 10:17:34 下午 org.apache.coyote.AbstractProtocol destroy
信息: Destroying ProtocolHandler ["ajp-apr-8009"]
